2015-07-07 14:29:52,362 INFO  [Log] **************************************************************************************** 
2015-07-07 14:29:52,363 INFO  [Log] **************************************************************************************** 
2015-07-07 14:29:52,363 INFO  [Log] $$$$$$$$$$$$$$$$$$$$$                 openBrowser       $$$$$$$$$$$$$$$$$$$$$$$$$ 
2015-07-07 14:29:52,363 INFO  [Log] **************************************************************************************** 
2015-07-07 14:29:52,363 INFO  [Log] **************************************************************************************** 
2015-07-07 14:29:52,364 INFO  [Log] Opening Browser 
2015-07-07 14:30:22,665 INFO  [Log] Mozilla browser started 
2015-07-07 14:30:23,752 INFO  [Log] XXXXXXXXXXXXXXXXXXXXXXX             -E---N---D-             XXXXXXXXXXXXXXXXXXXXXX 
2015-07-07 14:30:23,752 INFO  [Log] X 
2015-07-07 14:30:23,752 INFO  [Log] **************************************************************************************** 
2015-07-07 14:30:23,752 INFO  [Log] **************************************************************************************** 
2015-07-07 14:30:23,752 INFO  [Log] $$$$$$$$$$$$$$$$$$$$$                 navigate_01       $$$$$$$$$$$$$$$$$$$$$$$$$ 
2015-07-07 14:30:23,752 INFO  [Log] **************************************************************************************** 
2015-07-07 14:30:23,752 INFO  [Log] **************************************************************************************** 
2015-07-07 14:30:23,754 INFO  [Log] Navigating to URL 
2015-07-07 14:30:45,858 INFO  [Log] XXXXXXXXXXXXXXXXXXXXXXX             -E---N---D-             XXXXXXXXXXXXXXXXXXXXXX 
2015-07-07 14:30:45,858 INFO  [Log] X 
2015-07-07 14:30:45,858 INFO  [Log] **************************************************************************************** 
2015-07-07 14:30:45,858 INFO  [Log] **************************************************************************************** 
2015-07-07 14:30:45,858 INFO  [Log] $$$$$$$$$$$$$$$$$$$$$                 closeInitialPopup_01       $$$$$$$$$$$$$$$$$$$$$$$$$ 
2015-07-07 14:30:45,858 INFO  [Log] **************************************************************************************** 
2015-07-07 14:30:45,858 INFO  [Log] **************************************************************************************** 
2015-07-07 14:30:45,859 INFO  [Log] Wait for 5 seconds 
2015-07-07 14:30:51,041 INFO  [Log] Clicking on web element btn_closePopup_first 
2015-07-07 14:31:01,165 ERROR [Log] Not able to click --- Unable to locate element: {"method":"xpath","selector":"//div[@id='close-button']/a"}
Command duration or timeout: 10.08 seconds
For documentation on this error, please visit: http://seleniumhq.org/exceptions/no_such_element.html
Build info: version: '2.46.0', revision: '87c69e2', time: '2015-06-04 16:16:47'
System info: host: 'chase-PC', ip: '192.168.56.1', os.name: 'Windows 8.1', os.arch: 'amd64', os.version: '6.3', java.version: '1.8.0_31'
Driver info: org.openqa.selenium.firefox.FirefoxDriver
Capabilities [{applicationCacheEnabled=true, rotatable=false, handlesAlerts=true, databaseEnabled=true, version=39.0, platform=WINDOWS, nativeEvents=false, acceptSslCerts=true, webStorageEnabled=true, locationContextEnabled=true, browserName=firefox, takesScreenshot=true, javascriptEnabled=true, cssSelectorsEnabled=true}]
Session ID: f79275de-e332-497b-8aff-b580bed261d9
*** Element info: {Using=xpath, value=//div[@id='close-button']/a} 
2015-07-07 14:31:01,361 INFO  [Log] Closing the browser 
2015-07-07 14:31:02,294 INFO  [Log] XXXXXXXXXXXXXXXXXXXXXXX             -E---N---D-             XXXXXXXXXXXXXXXXXXXXXX 
2015-07-07 14:31:02,294 INFO  [Log] X 
2015-07-07 14:31:11,698 INFO  [Log] **************************************************************************************** 
2015-07-07 14:31:11,699 INFO  [Log] **************************************************************************************** 
2015-07-07 14:31:11,699 INFO  [Log] $$$$$$$$$$$$$$$$$$$$$                 openBrowser       $$$$$$$$$$$$$$$$$$$$$$$$$ 
2015-07-07 14:31:11,699 INFO  [Log] **************************************************************************************** 
2015-07-07 14:31:11,699 INFO  [Log] **************************************************************************************** 
2015-07-07 14:31:11,701 INFO  [Log] Opening Browser 
2015-07-07 14:31:20,027 INFO  [Log] Mozilla browser started 
2015-07-07 14:31:21,411 INFO  [Log] XXXXXXXXXXXXXXXXXXXXXXX             -E---N---D-             XXXXXXXXXXXXXXXXXXXXXX 
2015-07-07 14:31:21,411 INFO  [Log] X 
2015-07-07 14:31:21,412 INFO  [Log] **************************************************************************************** 
2015-07-07 14:31:21,412 INFO  [Log] **************************************************************************************** 
2015-07-07 14:31:21,412 INFO  [Log] $$$$$$$$$$$$$$$$$$$$$                 navigate_01       $$$$$$$$$$$$$$$$$$$$$$$$$ 
2015-07-07 14:31:21,412 INFO  [Log] **************************************************************************************** 
2015-07-07 14:31:21,412 INFO  [Log] **************************************************************************************** 
2015-07-07 14:31:21,413 INFO  [Log] Navigating to URL 
2015-07-07 14:31:27,053 INFO  [Log] XXXXXXXXXXXXXXXXXXXXXXX             -E---N---D-             XXXXXXXXXXXXXXXXXXXXXX 
2015-07-07 14:31:27,054 INFO  [Log] X 
2015-07-07 14:31:27,054 INFO  [Log] **************************************************************************************** 
2015-07-07 14:31:27,054 INFO  [Log] **************************************************************************************** 
2015-07-07 14:31:27,054 INFO  [Log] $$$$$$$$$$$$$$$$$$$$$                 closeInitialPopup_01       $$$$$$$$$$$$$$$$$$$$$$$$$ 
2015-07-07 14:31:27,054 INFO  [Log] **************************************************************************************** 
2015-07-07 14:31:27,054 INFO  [Log] **************************************************************************************** 
2015-07-07 14:31:27,058 INFO  [Log] Wait for 5 seconds 
2015-07-07 14:31:32,256 INFO  [Log] Clicking on web element btn_closePopup_first 
2015-07-07 14:31:33,087 INFO  [Log] XXXXXXXXXXXXXXXXXXXXXXX             -E---N---D-             XXXXXXXXXXXXXXXXXXXXXX 
2015-07-07 14:31:33,087 INFO  [Log] X 
2015-07-07 14:31:33,087 INFO  [Log] **************************************************************************************** 
2015-07-07 14:31:33,087 INFO  [Log] **************************************************************************************** 
2015-07-07 14:31:33,087 INFO  [Log] $$$$$$$$$$$$$$$$$$$$$                 workBench_ring_navigate_01       $$$$$$$$$$$$$$$$$$$$$$$$$ 
2015-07-07 14:31:33,087 INFO  [Log] **************************************************************************************** 
2015-07-07 14:31:33,087 INFO  [Log] **************************************************************************************** 
2015-07-07 14:31:33,088 INFO  [Log] Clicking on web element btn_workbench_TN 
2015-07-07 14:31:33,798 INFO  [Log] Clicking on web element btn_ring_WP 
2015-07-07 14:31:34,318 INFO  [Log] XXXXXXXXXXXXXXXXXXXXXXX             -E---N---D-             XXXXXXXXXXXXXXXXXXXXXX 
2015-07-07 14:31:34,318 INFO  [Log] X 
2015-07-07 14:31:34,318 INFO  [Log] **************************************************************************************** 
2015-07-07 14:31:34,318 INFO  [Log] **************************************************************************************** 
2015-07-07 14:31:34,318 INFO  [Log] $$$$$$$$$$$$$$$$$$$$$                 workBench_ring_selectSetting_01       $$$$$$$$$$$$$$$$$$$$$$$$$ 
2015-07-07 14:31:34,318 INFO  [Log] **************************************************************************************** 
2015-07-07 14:31:34,318 INFO  [Log] **************************************************************************************** 
2015-07-07 14:31:34,319 INFO  [Log] Clicking on web element btn_1_quickInfo_SS 
2015-07-07 14:31:38,997 INFO  [Log] Clicking on web element btn_1_selectSetting_SS 
2015-07-07 14:31:39,710 INFO  [Log] XXXXXXXXXXXXXXXXXXXXXXX             -E---N---D-             XXXXXXXXXXXXXXXXXXXXXX 
2015-07-07 14:31:39,710 INFO  [Log] X 
2015-07-07 14:31:39,710 INFO  [Log] **************************************************************************************** 
2015-07-07 14:31:39,710 INFO  [Log] **************************************************************************************** 
2015-07-07 14:31:39,710 INFO  [Log] $$$$$$$$$$$$$$$$$$$$$                 workBench_ring_settingPopup_01       $$$$$$$$$$$$$$$$$$$$$$$$$ 
2015-07-07 14:31:39,710 INFO  [Log] **************************************************************************************** 
2015-07-07 14:31:39,710 INFO  [Log] **************************************************************************************** 
2015-07-07 14:31:39,711 INFO  [Log] Selecting the value 7 from the drop down drpdwn_size_SP 
2015-07-07 14:31:40,129 INFO  [Log] Clicking on web element btn_addDiamond_SP 
2015-07-07 14:31:42,904 INFO  [Log] XXXXXXXXXXXXXXXXXXXXXXX             -E---N---D-             XXXXXXXXXXXXXXXXXXXXXX 
2015-07-07 14:31:42,904 INFO  [Log] X 
2015-07-07 14:31:42,904 INFO  [Log] **************************************************************************************** 
2015-07-07 14:31:42,904 INFO  [Log] **************************************************************************************** 
2015-07-07 14:31:42,904 INFO  [Log] $$$$$$$$$$$$$$$$$$$$$                 workBench_ring_selectDiamond_01       $$$$$$$$$$$$$$$$$$$$$$$$$ 
2015-07-07 14:31:42,904 INFO  [Log] **************************************************************************************** 
2015-07-07 14:31:42,904 INFO  [Log] **************************************************************************************** 
2015-07-07 14:31:42,905 INFO  [Log] Hover over the object hvr_filDia_cushion_DF 
2015-07-07 14:31:43,338 INFO  [Log] Clicking on web element btn_filDia_cushion_DF 
2015-07-07 14:31:43,544 INFO  [Log] Clicking on web element btn_2_quickInfo_DS 
2015-07-07 14:31:48,249 INFO  [Log] Clicking on web element btn_2_selectDiamond_DS 
2015-07-07 14:31:48,956 INFO  [Log] XXXXXXXXXXXXXXXXXXXXXXX             -E---N---D-             XXXXXXXXXXXXXXXXXXXXXX 
2015-07-07 14:31:48,956 INFO  [Log] X 
2015-07-07 14:31:48,957 INFO  [Log] **************************************************************************************** 
2015-07-07 14:31:48,957 INFO  [Log] **************************************************************************************** 
2015-07-07 14:31:48,957 INFO  [Log] $$$$$$$$$$$$$$$$$$$$$                 workBench_ring_diamondPopup_01       $$$$$$$$$$$$$$$$$$$$$$$$$ 
2015-07-07 14:31:48,957 INFO  [Log] **************************************************************************************** 
2015-07-07 14:31:48,957 INFO  [Log] **************************************************************************************** 
2015-07-07 14:31:48,958 INFO  [Log] Clicking on web element btn_completeRing_DP 
2015-07-07 14:31:51,573 INFO  [Log] XXXXXXXXXXXXXXXXXXXXXXX             -E---N---D-             XXXXXXXXXXXXXXXXXXXXXX 
2015-07-07 14:31:51,573 INFO  [Log] X 
2015-07-07 14:31:51,573 INFO  [Log] **************************************************************************************** 
2015-07-07 14:31:51,573 INFO  [Log] **************************************************************************************** 
2015-07-07 14:31:51,573 INFO  [Log] $$$$$$$$$$$$$$$$$$$$$                 workBench_purchaseYourProduct_01       $$$$$$$$$$$$$$$$$$$$$$$$$ 
2015-07-07 14:31:51,573 INFO  [Log] **************************************************************************************** 
2015-07-07 14:31:51,573 INFO  [Log] **************************************************************************************** 
2015-07-07 14:31:51,574 INFO  [Log] Clicking on web element btn_1_addToCart_PP 
2015-07-07 14:31:51,949 INFO  [Log] XXXXXXXXXXXXXXXXXXXXXXX             -E---N---D-             XXXXXXXXXXXXXXXXXXXXXX 
2015-07-07 14:31:51,949 INFO  [Log] X 
2015-07-07 14:31:51,949 INFO  [Log] **************************************************************************************** 
2015-07-07 14:31:51,949 INFO  [Log] **************************************************************************************** 
2015-07-07 14:31:51,949 INFO  [Log] $$$$$$$$$$$$$$$$$$$$$                 shoppingCart_checkOut_01       $$$$$$$$$$$$$$$$$$$$$$$$$ 
2015-07-07 14:31:51,949 INFO  [Log] **************************************************************************************** 
2015-07-07 14:31:51,949 INFO  [Log] **************************************************************************************** 
2015-07-07 14:31:51,950 INFO  [Log] Clicking on web element btn_1_checkOut_SC 
2015-07-07 14:31:58,105 INFO  [Log] Clicking on web element btn_continueToCheckout_RC 
2015-07-07 14:32:00,014 INFO  [Log] XXXXXXXXXXXXXXXXXXXXXXX             -E---N---D-             XXXXXXXXXXXXXXXXXXXXXX 
2015-07-07 14:32:00,015 INFO  [Log] X 
2015-07-07 14:32:00,015 INFO  [Log] **************************************************************************************** 
2015-07-07 14:32:00,015 INFO  [Log] **************************************************************************************** 
2015-07-07 14:32:00,015 INFO  [Log] $$$$$$$$$$$$$$$$$$$$$                 checkOut_guest_shipping_01       $$$$$$$$$$$$$$$$$$$$$$$$$ 
2015-07-07 14:32:00,015 INFO  [Log] **************************************************************************************** 
2015-07-07 14:32:00,015 INFO  [Log] **************************************************************************************** 
2015-07-07 14:32:00,016 INFO  [Log] Entering the text in txtbx_emailAddress_GS 
2015-07-07 14:32:02,185 INFO  [Log] Entering the text in txtbx_firstName_GS 
2015-07-07 14:32:03,053 INFO  [Log] Entering the text in txtbx_lastName_GS 
2015-07-07 14:32:03,253 INFO  [Log] Entering the text in txtbx_address_GS 
2015-07-07 14:32:03,498 INFO  [Log] Entering the text in txtbx_city_GS 
2015-07-07 14:32:03,819 INFO  [Log] Selecting the value Texas from the drop down drpdwn_state_GS 
2015-07-07 14:32:04,185 INFO  [Log] Entering the text in txtbx_zip_GS 
2015-07-07 14:32:04,415 INFO  [Log] Selecting the value United States from the drop down drpdwn_country_GS 
2015-07-07 14:32:04,624 INFO  [Log] Entering the text in txtbx_phone_GS 
2015-07-07 14:32:04,849 INFO  [Log] Entering the text in txtbx_phone_GS 
2015-07-07 14:32:05,066 INFO  [Log] Wait for 5 seconds 
2015-07-07 14:32:10,193 INFO  [Log] Selecting the value FedEx 2Day (Free) from the drop down drpdwn_deliveryOptions_GS 
2015-07-07 14:32:10,588 INFO  [Log] Clicking on web element btn_continue_GS 
2015-07-07 14:32:14,368 INFO  [Log] XXXXXXXXXXXXXXXXXXXXXXX             -E---N---D-             XXXXXXXXXXXXXXXXXXXXXX 
2015-07-07 14:32:14,368 INFO  [Log] X 
2015-07-07 14:32:14,368 INFO  [Log] **************************************************************************************** 
2015-07-07 14:32:14,368 INFO  [Log] **************************************************************************************** 
2015-07-07 14:32:14,368 INFO  [Log] $$$$$$$$$$$$$$$$$$$$$                 checkOut_guest_payment_01       $$$$$$$$$$$$$$$$$$$$$$$$$ 
2015-07-07 14:32:14,368 INFO  [Log] **************************************************************************************** 
2015-07-07 14:32:14,368 INFO  [Log] **************************************************************************************** 
2015-07-07 14:32:14,369 INFO  [Log] Entering the text in txtbx_creditCardNum_GP 
2015-07-07 14:32:14,638 INFO  [Log] Entering the text in txtbx_name_GP 
2015-07-07 14:32:14,865 INFO  [Log] Selecting the value January from the drop down drpdwn_expMonth_GP 
2015-07-07 14:32:15,231 INFO  [Log] Selecting the value 2016 from the drop down drpdwn_expYear_GP 
2015-07-07 14:32:15,640 INFO  [Log] Entering the text in txtbx_CVV_GP 
2015-07-07 14:32:15,884 INFO  [Log] Clicking on web element rBtn_sameAsShipping_GP 
2015-07-07 14:32:16,112 INFO  [Log] Clicking on web element btn_continue_GP 
2015-07-07 14:32:18,230 INFO  [Log] XXXXXXXXXXXXXXXXXXXXXXX             -E---N---D-             XXXXXXXXXXXXXXXXXXXXXX 
2015-07-07 14:32:18,230 INFO  [Log] X 
2015-07-07 14:32:18,230 INFO  [Log] **************************************************************************************** 
2015-07-07 14:32:18,230 INFO  [Log] **************************************************************************************** 
2015-07-07 14:32:18,230 INFO  [Log] $$$$$$$$$$$$$$$$$$$$$                 closeBrowser       $$$$$$$$$$$$$$$$$$$$$$$$$ 
2015-07-07 14:32:18,231 INFO  [Log] **************************************************************************************** 
2015-07-07 14:32:18,231 INFO  [Log] **************************************************************************************** 
2015-07-07 14:32:18,233 INFO  [Log] Closing the browser 
2015-07-07 14:32:19,477 INFO  [Log] XXXXXXXXXXXXXXXXXXXXXXX             -E---N---D-             XXXXXXXXXXXXXXXXXXXXXX 
2015-07-07 14:32:19,477 INFO  [Log] X 
